<?xml version="1.0" encoding="UTF-8"?>
<!-- Generated by org.testng.reporters.JUnitXMLReporter -->
<testsuite ignored="0" hostname="LAPTOP-F1NCC27D" failures="0" tests="6" name="class name" time="154.75" errors="0" timestamp="2024-08-06T03:07:39 IST">
  <testcase classname="com.Airshell.testCases.TC_01_VerifyUserIsAbleToLoginToWebsite" name="login" time="9.169"/>
  <testcase classname="com.Airshell.testCases.TC_02_VerifyUserIsAbleToAddProductToCartTest" name="buyproduct" time="11.534"/>
  <testcase classname="com.Airshell.testCases.TC_05_VerifyUserIsAbleToOpenOrderInfoPage" name="orderdetails" time="13.16"/>
  <testcase classname="com.Airshell.testCases.TC_06_VerifyUserIsAbleToGetTheOrderIDFromOrderDetailPage" name="orderdetails" time="13.709"/>
  <testcase classname="com.Airshell.testCases.TC_07_VerifUserIsAbleToIncreaseQuantityOfProductFromCartPage" name="productcount" time="88.604"/>
  <testcase classname="com.Airshell.testCases.TC_08_VerifyUserIslandingToOrderConfirmationscreenAfterClickingOnViewOrderConfirmationButton" name="viewconfirmationbtn" time="11.268"/>
</testsuite> <!-- class name -->
