<?xml version="1.0" encoding="UTF-8"?>
<!-- Generated by org.testng.reporters.JUnitXMLReporter -->
<testsuite ignored="0" hostname="DESKTOP-E0AAH27" failures="0" tests="4" name="Test" time="53.384" errors="0" timestamp="2024-08-04T02:01:08 IST">
  <testcase classname="com.Airshell.testCases.TC_01_VerifyUserIsAbleToLoginToWebsite" name="login" time="7.54"/>
  <testcase classname="com.Airshell.testCases.TC_02_VerifyUserIsAbleToAddProductToCartTest" name="buyproduct" time="9.044"/>
  <testcase classname="com.Airshell.testCases.TC_05_VerifyUserIsAbleToOpenOrderInfoPage" name="orderdetails" time="17.571"/>
  <testcase classname="com.Airshell.testCases.TC_06_VerifyUserIsAbleToGetTheOrderIDFromOrderDetailPage" name="orderdetails" time="14.055"/>
</testsuite> <!-- Test -->
