<?xml version="1.0" encoding="UTF-8"?>
<!-- Generated by org.testng.reporters.JUnitXMLReporter -->
<testsuite ignored="0" hostname="DESKTOP-E0AAH27" failures="0" tests="2" name="Test" time="21.723" errors="0" timestamp="2024-08-02T01:41:22 IST">
  <testcase classname="com.Airshell.testCases.TC_01_VerifyUserIsAbleToLoginToWebsite" name="login" time="7.11"/>
  <testcase classname="com.Airshell.testCases.TC_02_VerifyUserIsAbleToAddProductToCartTest" name="buyproduct" time="8.976"/>
</testsuite> <!-- Test -->
