<?xml version="1.0" encoding="UTF-8"?>
<!-- Generated by org.testng.reporters.JUnitXMLReporter -->
<testsuite ignored="0" hostname="DESKTOP-E0AAH27" failures="0" tests="2" name="Test" time="21.773" errors="0" timestamp="2024-08-02T01:47:45 IST">
  <testcase classname="com.Airshell.testCases.TC_01_VerifyUserIsAbleToLoginToWebsite" name="login" time="6.146"/>
  <testcase classname="com.Airshell.testCases.TC_02_VerifyUserIsAbleToAddProductToCartTest" name="buyproduct" time="10.173"/>
</testsuite> <!-- Test -->
