<?xml version="1.0" encoding="UTF-8"?>
<testng-results ignored="0" total="4" passed="4" failed="0" skipped="0">
  <reporter-output>
  </reporter-output>
  <suite started-at="2024-08-05T18:34:43 IST" name="Suite" finished-at="2024-08-05T18:35:46 IST" duration-ms="62787">
    <groups>
    </groups>
    <test started-at="2024-08-05T18:34:43 IST" name="class name" finished-at="2024-08-05T18:35:46 IST" duration-ms="62787">
      <class name="com.Airshell.testCases.TC_02_VerifyUserIsAbleToAddProductToCartTest">
        <test-method is-config="true" signature="setup()[pri:0, instance:com.Airshell.testCases.TC_02_VerifyUserIsAbleToAddProductToCartTest@689604d9]" started-at="2024-08-05T18:34:57 IST" name="setup" finished-at="2024-08-05T18:35:00 IST" duration-ms="2880" status="PASS">
          <reporter-output>
          </reporter-output>
        </test-method> <!-- setup -->
        <test-method signature="buyproduct()[pri:0, instance:com.Airshell.testCases.TC_02_VerifyUserIsAbleToAddProductToCartTest@689604d9]" started-at="2024-08-05T18:35:00 IST" name="buyproduct" finished-at="2024-08-05T18:35:12 IST" duration-ms="11458" status="PASS">
          <reporter-output>
          </reporter-output>
        </test-method> <!-- buyproduct -->
        <test-method is-config="true" signature="tearDown()[pri:0, instance:com.Airshell.testCases.TC_02_VerifyUserIsAbleToAddProductToCartTest@689604d9]" started-at="2024-08-05T18:35:12 IST" name="tearDown" finished-at="2024-08-05T18:35:12 IST" duration-ms="1" status="PASS">
          <reporter-output>
          </reporter-output>
        </test-method> <!-- tearDown -->
      </class> <!-- com.Airshell.testCases.TC_02_VerifyUserIsAbleToAddProductToCartTest -->
      <class name="com.Airshell.testCases.TC_01_VerifyUserIsAbleToLoginToWebsite">
        <test-method is-config="true" signature="setup()[pri:0, instance:com.Airshell.testCases.TC_01_VerifyUserIsAbleToLoginToWebsite@38d8f54a]" started-at="2024-08-05T18:34:44 IST" name="setup" finished-at="2024-08-05T18:34:48 IST" duration-ms="4529" status="PASS">
          <reporter-output>
          </reporter-output>
        </test-method> <!-- setup -->
        <test-method signature="login()[pri:0, instance:com.Airshell.testCases.TC_01_VerifyUserIsAbleToLoginToWebsite@38d8f54a]" started-at="2024-08-05T18:34:48 IST" name="login" finished-at="2024-08-05T18:34:57 IST" duration-ms="9182" status="PASS">
          <reporter-output>
          </reporter-output>
        </test-method> <!-- login -->
        <test-method is-config="true" signature="tearDown()[pri:0, instance:com.Airshell.testCases.TC_01_VerifyUserIsAbleToLoginToWebsite@38d8f54a]" started-at="2024-08-05T18:34:57 IST" name="tearDown" finished-at="2024-08-05T18:34:57 IST" duration-ms="1" status="PASS">
          <reporter-output>
          </reporter-output>
        </test-method> <!-- tearDown -->
      </class> <!-- com.Airshell.testCases.TC_01_VerifyUserIsAbleToLoginToWebsite -->
      <class name="com.Airshell.testCases.TC_06_VerifyUserIsAbleToGetTheOrderIDFromOrderDetailPage">
        <test-method is-config="true" signature="setup()[pri:0, instance:com.Airshell.testCases.TC_06_VerifyUserIsAbleToGetTheOrderIDFromOrderDetailPage@799f10e1]" started-at="2024-08-05T18:35:30 IST" name="setup" finished-at="2024-08-05T18:35:32 IST" duration-ms="2513" status="PASS">
          <reporter-output>
          </reporter-output>
        </test-method> <!-- setup -->
        <test-method signature="orderdetails()[pri:0, instance:com.Airshell.testCases.TC_06_VerifyUserIsAbleToGetTheOrderIDFromOrderDetailPage@799f10e1]" started-at="2024-08-05T18:35:32 IST" name="orderdetails" finished-at="2024-08-05T18:35:46 IST" duration-ms="13708" status="PASS">
          <reporter-output>
          </reporter-output>
        </test-method> <!-- orderdetails -->
        <test-method is-config="true" signature="tearDown()[pri:0, instance:com.Airshell.testCases.TC_06_VerifyUserIsAbleToGetTheOrderIDFromOrderDetailPage@799f10e1]" started-at="2024-08-05T18:35:46 IST" name="tearDown" finished-at="2024-08-05T18:35:46 IST" duration-ms="0" status="PASS">
          <reporter-output>
          </reporter-output>
        </test-method> <!-- tearDown -->
      </class> <!-- com.Airshell.testCases.TC_06_VerifyUserIsAbleToGetTheOrderIDFromOrderDetailPage -->
      <class name="com.Airshell.testCases.TC_05_VerifyUserIsAbleToOpenOrderInfoPage">
        <test-method is-config="true" signature="setup()[pri:0, instance:com.Airshell.testCases.TC_05_VerifyUserIsAbleToOpenOrderInfoPage@18078bef]" started-at="2024-08-05T18:35:12 IST" name="setup" finished-at="2024-08-05T18:35:15 IST" duration-ms="3668" status="PASS">
          <reporter-output>
          </reporter-output>
        </test-method> <!-- setup -->
        <test-method signature="orderdetails()[pri:0, instance:com.Airshell.testCases.TC_05_VerifyUserIsAbleToOpenOrderInfoPage@18078bef]" started-at="2024-08-05T18:35:15 IST" name="orderdetails" finished-at="2024-08-05T18:35:30 IST" duration-ms="14514" status="PASS">
          <reporter-output>
          </reporter-output>
        </test-method> <!-- orderdetails -->
        <test-method is-config="true" signature="tearDown()[pri:0, instance:com.Airshell.testCases.TC_05_VerifyUserIsAbleToOpenOrderInfoPage@18078bef]" started-at="2024-08-05T18:35:30 IST" name="tearDown" finished-at="2024-08-05T18:35:30 IST" duration-ms="0" status="PASS">
          <reporter-output>
          </reporter-output>
        </test-method> <!-- tearDown -->
      </class> <!-- com.Airshell.testCases.TC_05_VerifyUserIsAbleToOpenOrderInfoPage -->
    </test> <!-- class name -->
  </suite> <!-- Suite -->
</testng-results>
