<?xml version="1.0" encoding="UTF-8"?>
<testng-results ignored="0" total="2" passed="2" failed="0" skipped="0">
  <reporter-output>
  </reporter-output>
  <suite started-at="2024-08-02T01:47:22 IST" name="Suite" finished-at="2024-08-02T01:47:44 IST" duration-ms="21773">
    <groups>
    </groups>
    <test started-at="2024-08-02T01:47:22 IST" name="Test" finished-at="2024-08-02T01:47:44 IST" duration-ms="21773">
      <class name="com.Airshell.testCases.TC_02_VerifyUserIsAbleToAddProductToCartTest">
        <test-method is-config="true" signature="setup()[pri:0, instance:com.Airshell.testCases.TC_02_VerifyUserIsAbleToAddProductToCartTest@2a3b5b47]" started-at="2024-08-02T01:47:32 IST" name="setup" finished-at="2024-08-02T01:47:34 IST" duration-ms="1734" status="PASS">
          <reporter-output>
          </reporter-output>
        </test-method> <!-- setup -->
        <test-method signature="buyproduct()[pri:0, instance:com.Airshell.testCases.TC_02_VerifyUserIsAbleToAddProductToCartTest@2a3b5b47]" started-at="2024-08-02T01:47:34 IST" name="buyproduct" finished-at="2024-08-02T01:47:44 IST" duration-ms="10173" status="PASS">
          <reporter-output>
          </reporter-output>
        </test-method> <!-- buyproduct -->
        <test-method is-config="true" signature="tearDown()[pri:0, instance:com.Airshell.testCases.TC_02_VerifyUserIsAbleToAddProductToCartTest@2a3b5b47]" started-at="2024-08-02T01:47:44 IST" name="tearDown" finished-at="2024-08-02T01:47:44 IST" duration-ms="1" status="PASS">
          <reporter-output>
          </reporter-output>
        </test-method> <!-- tearDown -->
      </class> <!-- com.Airshell.testCases.TC_02_VerifyUserIsAbleToAddProductToCartTest -->
      <class name="com.Airshell.testCases.TC_01_VerifyUserIsAbleToLoginToWebsite">
        <test-method is-config="true" signature="setup()[pri:0, instance:com.Airshell.testCases.TC_01_VerifyUserIsAbleToLoginToWebsite@3c19aaa5]" started-at="2024-08-02T01:47:22 IST" name="setup" finished-at="2024-08-02T01:47:26 IST" duration-ms="3418" status="PASS">
          <reporter-output>
          </reporter-output>
        </test-method> <!-- setup -->
        <test-method signature="login()[pri:0, instance:com.Airshell.testCases.TC_01_VerifyUserIsAbleToLoginToWebsite@3c19aaa5]" started-at="2024-08-02T01:47:26 IST" name="login" finished-at="2024-08-02T01:47:32 IST" duration-ms="6146" status="PASS">
          <reporter-output>
          </reporter-output>
        </test-method> <!-- login -->
        <test-method is-config="true" signature="tearDown()[pri:0, instance:com.Airshell.testCases.TC_01_VerifyUserIsAbleToLoginToWebsite@3c19aaa5]" started-at="2024-08-02T01:47:32 IST" name="tearDown" finished-at="2024-08-02T01:47:32 IST" duration-ms="1" status="PASS">
          <reporter-output>
          </reporter-output>
        </test-method> <!-- tearDown -->
      </class> <!-- com.Airshell.testCases.TC_01_VerifyUserIsAbleToLoginToWebsite -->
    </test> <!-- Test -->
  </suite> <!-- Suite -->
</testng-results>
