<?xml version="1.0" encoding="UTF-8"?>
<testsuite xmlns:xsi="http://www.w3.org/2001/XMLSchema-instance" xsi:noNamespaceSchemaLocation="https://maven.apache.org/surefire/maven-surefire-plugin/xsd/surefire-test-report-3.0.xsd" version="3.0" name="TestSuite" time="64.186" tests="4" errors="0" skipped="0" failures="0">
  <properties>
[...]
</properties>
  <testcase name="login" classname="com.Airshell.testCases.TC_01_VerifyUserIsAbleToLoginToWebsite" time="9.208">
    <system-out><![CDATA[On start method invoked....
Name of test method started:login
[INFO ] 2024-08-05 18:34:52.444 [main] AirshellsProject -Open website page
[INFO ] 2024-08-05 18:34:54.680 [main] AirshellsProject -Click on Alert button
[INFO ] 2024-08-05 18:34:55.878 [main] AirshellsProject -Click on SignIn button
[INFO ] 2024-08-05 18:34:56.024 [main] AirshellsProject -Enter User's Email ID
[INFO ] 2024-08-05 18:34:56.166 [main] AirshellsProject -Enter User's Password
[INFO ] 2024-08-05 18:34:57.763 [main] AirshellsProject -Click on Login button
[INFO ] 2024-08-05 18:34:57.785 [main] AirshellsProject -User is successfully Login to the website
Name of test method Successfully executed:login
]]></system-out>
    <system-err><![CDATA[SLF4J(W): No SLF4J providers were found.
SLF4J(W): Defaulting to no-operation (NOP) logger implementation
SLF4J(W): See https://www.slf4j.org/codes.html#noProviders for further details.
]]></system-err>
  </testcase>
  <testcase name="buyproduct" classname="com.Airshell.testCases.TC_02_VerifyUserIsAbleToAddProductToCartTest" time="11.459">
    <system-out><![CDATA[Name of test method started:buyproduct
[INFO ] 2024-08-05 18:35:02.727 [main] AirshellsProject -Website is open
[INFO ] 2024-08-05 18:35:04.827 [main] AirshellsProject -User clicked on Alert button
[INFO ] 2024-08-05 18:35:05.965 [main] AirshellsProject -User clicked on Product button
[INFO ] 2024-08-05 18:35:09.118 [main] AirshellsProject -User clicked on Book Now button
[INFO ] 2024-08-05 18:35:10.142 [main] AirshellsProject -Click on Cart icon
User is landed to Shopping Cart
Name of test method Successfully executed:buyproduct
]]></system-out>
  </testcase>
  <testcase name="orderdetails" classname="com.Airshell.testCases.TC_05_VerifyUserIsAbleToOpenOrderInfoPage" time="14.515">
    <system-out><![CDATA[Name of test method started:orderdetails
[INFO ] 2024-08-05 18:35:18.836 [main] AirshellsProject -Open Website
[INFO ] 2024-08-05 18:35:20.951 [main] AirshellsProject -Click on Alert button
[INFO ] 2024-08-05 18:35:22.067 [main] AirshellsProject -Click on SignIn button
[INFO ] 2024-08-05 18:35:22.226 [main] AirshellsProject -Enter User Email
[INFO ] 2024-08-05 18:35:22.365 [main] AirshellsProject -Enter Password
[INFO ] 2024-08-05 18:35:24.014 [main] AirshellsProject -Click on Submit button
[INFO ] 2024-08-05 18:35:30.338 [main] AirshellsProject -Click on My Account
[INFO ] 2024-08-05 18:35:30.351 [main] AirshellsProject -User is successfully landed to order info page
Name of test method Successfully executed:orderdetails
]]></system-out>
  </testcase>
  <testcase name="orderdetails" classname="com.Airshell.testCases.TC_06_VerifyUserIsAbleToGetTheOrderIDFromOrderDetailPage" time="13.709">
    <system-out><![CDATA[Name of test method started:orderdetails
[INFO ] 2024-08-05 18:35:35.096 [main] AirshellsProject -Open Website
[INFO ] 2024-08-05 18:35:37.209 [main] AirshellsProject -Click on Alert button
[INFO ] 2024-08-05 18:35:38.438 [main] AirshellsProject -Click on SignIn button
[INFO ] 2024-08-05 18:35:38.629 [main] AirshellsProject -Enter User Email
[INFO ] 2024-08-05 18:35:38.781 [main] AirshellsProject -Enter Password
[INFO ] 2024-08-05 18:35:40.432 [main] AirshellsProject -Click on Submit button
[INFO ] 2024-08-05 18:35:46.525 [main] AirshellsProject -Click on My Account
Booking ID: 415658
Name of test method Successfully executed:orderdetails
]]></system-out>
  </testcase>
</testsuite>