<?xml version="1.0" encoding="UTF-8"?>
<testng-results ignored="0" total="1" passed="1" failed="0" skipped="0">
  <reporter-output>
  </reporter-output>
  <suite started-at="2024-08-04T01:15:44 IST" name="Suite" finished-at="2024-08-04T01:15:59 IST" duration-ms="14205">
    <groups>
    </groups>
    <test started-at="2024-08-04T01:15:44 IST" name="Test" finished-at="2024-08-04T01:15:59 IST" duration-ms="14205">
      <class name="com.Airshell.testCases.TC_06_VerifyUserIsAbleToGetTheOrderIDFromOrderDetailPage">
        <test-method is-config="true" signature="setup()[pri:0, instance:com.Airshell.testCases.TC_06_VerifyUserIsAbleToGetTheOrderIDFromOrderDetailPage@587e5365]" started-at="2024-08-04T01:15:45 IST" name="setup" finished-at="2024-08-04T01:15:47 IST" duration-ms="2070" status="PASS">
          <reporter-output>
          </reporter-output>
        </test-method> <!-- setup -->
        <test-method signature="orderdetails()[pri:0, instance:com.Airshell.testCases.TC_06_VerifyUserIsAbleToGetTheOrderIDFromOrderDetailPage@587e5365]" started-at="2024-08-04T01:15:47 IST" name="orderdetails" finished-at="2024-08-04T01:15:59 IST" duration-ms="11847" status="PASS">
          <reporter-output>
          </reporter-output>
        </test-method> <!-- orderdetails -->
        <test-method is-config="true" signature="tearDown()[pri:0, instance:com.Airshell.testCases.TC_06_VerifyUserIsAbleToGetTheOrderIDFromOrderDetailPage@587e5365]" started-at="2024-08-04T01:15:59 IST" name="tearDown" finished-at="2024-08-04T01:15:59 IST" duration-ms="1" status="PASS">
          <reporter-output>
          </reporter-output>
        </test-method> <!-- tearDown -->
      </class> <!-- com.Airshell.testCases.TC_06_VerifyUserIsAbleToGetTheOrderIDFromOrderDetailPage -->
    </test> <!-- Test -->
  </suite> <!-- Suite -->
</testng-results>
