<?xml version="1.0" encoding="UTF-8"?>
<testng-results ignored="0" total="6" passed="6" failed="0" skipped="0">
  <reporter-output>
  </reporter-output>
  <suite started-at="2024-08-06T03:05:04 IST" name="Suite" finished-at="2024-08-06T03:07:39 IST" duration-ms="154750">
    <groups>
    </groups>
    <test started-at="2024-08-06T03:05:04 IST" name="class name" finished-at="2024-08-06T03:07:39 IST" duration-ms="154750">
      <class name="com.Airshell.testCases.TC_02_VerifyUserIsAbleToAddProductToCartTest">
        <test-method is-config="true" signature="setup()[pri:0, instance:com.Airshell.testCases.TC_02_VerifyUserIsAbleToAddProductToCartTest@1807f5a7]" started-at="2024-08-06T03:05:16 IST" name="setup" finished-at="2024-08-06T03:05:17 IST" duration-ms="832" status="PASS">
          <reporter-output>
          </reporter-output>
        </test-method> <!-- setup -->
        <test-method signature="buyproduct()[pri:0, instance:com.Airshell.testCases.TC_02_VerifyUserIsAbleToAddProductToCartTest@1807f5a7]" started-at="2024-08-06T03:05:17 IST" name="buyproduct" finished-at="2024-08-06T03:05:28 IST" duration-ms="11534" status="PASS">
          <reporter-output>
          </reporter-output>
        </test-method> <!-- buyproduct -->
        <test-method is-config="true" signature="tearDown()[pri:0, instance:com.Airshell.testCases.TC_02_VerifyUserIsAbleToAddProductToCartTest@1807f5a7]" started-at="2024-08-06T03:05:28 IST" name="tearDown" finished-at="2024-08-06T03:05:28 IST" duration-ms="0" status="PASS">
          <reporter-output>
          </reporter-output>
        </test-method> <!-- tearDown -->
      </class> <!-- com.Airshell.testCases.TC_02_VerifyUserIsAbleToAddProductToCartTest -->
      <class name="com.Airshell.testCases.TC_01_VerifyUserIsAbleToLoginToWebsite">
        <test-method is-config="true" signature="setup()[pri:0, instance:com.Airshell.testCases.TC_01_VerifyUserIsAbleToLoginToWebsite@57db2b13]" started-at="2024-08-06T03:05:04 IST" name="setup" finished-at="2024-08-06T03:05:07 IST" duration-ms="2400" status="PASS">
          <reporter-output>
          </reporter-output>
        </test-method> <!-- setup -->
        <test-method signature="login()[pri:0, instance:com.Airshell.testCases.TC_01_VerifyUserIsAbleToLoginToWebsite@57db2b13]" started-at="2024-08-06T03:05:07 IST" name="login" finished-at="2024-08-06T03:05:16 IST" duration-ms="9169" status="PASS">
          <reporter-output>
          </reporter-output>
        </test-method> <!-- login -->
        <test-method is-config="true" signature="tearDown()[pri:0, instance:com.Airshell.testCases.TC_01_VerifyUserIsAbleToLoginToWebsite@57db2b13]" started-at="2024-08-06T03:05:16 IST" name="tearDown" finished-at="2024-08-06T03:05:16 IST" duration-ms="0" status="PASS">
          <reporter-output>
          </reporter-output>
        </test-method> <!-- tearDown -->
      </class> <!-- com.Airshell.testCases.TC_01_VerifyUserIsAbleToLoginToWebsite -->
      <class name="com.Airshell.testCases.TC_08_VerifyUserIslandingToOrderConfirmationscreenAfterClickingOnViewOrderConfirmationButton">
        <test-method is-config="true" signature="setup()[pri:0, instance:com.Airshell.testCases.TC_08_VerifyUserIslandingToOrderConfirmationscreenAfterClickingOnViewOrderConfirmationButton@6a4f1a55]" started-at="2024-08-06T03:07:26 IST" name="setup" finished-at="2024-08-06T03:07:27 IST" duration-ms="878" status="PASS">
          <reporter-output>
          </reporter-output>
        </test-method> <!-- setup -->
        <test-method signature="viewconfirmationbtn()[pri:0, instance:com.Airshell.testCases.TC_08_VerifyUserIslandingToOrderConfirmationscreenAfterClickingOnViewOrderConfirmationButton@6a4f1a55]" started-at="2024-08-06T03:07:27 IST" name="viewconfirmationbtn" finished-at="2024-08-06T03:07:39 IST" duration-ms="11268" status="PASS">
          <reporter-output>
          </reporter-output>
        </test-method> <!-- viewconfirmationbtn -->
        <test-method is-config="true" signature="tearDown()[pri:0, instance:com.Airshell.testCases.TC_08_VerifyUserIslandingToOrderConfirmationscreenAfterClickingOnViewOrderConfirmationButton@6a4f1a55]" started-at="2024-08-06T03:07:39 IST" name="tearDown" finished-at="2024-08-06T03:07:39 IST" duration-ms="0" status="PASS">
          <reporter-output>
          </reporter-output>
        </test-method> <!-- tearDown -->
      </class> <!-- com.Airshell.testCases.TC_08_VerifyUserIslandingToOrderConfirmationscreenAfterClickingOnViewOrderConfirmationButton -->
      <class name="com.Airshell.testCases.TC_06_VerifyUserIsAbleToGetTheOrderIDFromOrderDetailPage">
        <test-method is-config="true" signature="setup()[pri:0, instance:com.Airshell.testCases.TC_06_VerifyUserIsAbleToGetTheOrderIDFromOrderDetailPage@7fb4f2a9]" started-at="2024-08-06T03:05:42 IST" name="setup" finished-at="2024-08-06T03:05:43 IST" duration-ms="948" status="PASS">
          <reporter-output>
          </reporter-output>
        </test-method> <!-- setup -->
        <test-method signature="orderdetails()[pri:0, instance:com.Airshell.testCases.TC_06_VerifyUserIsAbleToGetTheOrderIDFromOrderDetailPage@7fb4f2a9]" started-at="2024-08-06T03:05:43 IST" name="orderdetails" finished-at="2024-08-06T03:05:57 IST" duration-ms="13709" status="PASS">
          <reporter-output>
          </reporter-output>
        </test-method> <!-- orderdetails -->
        <test-method is-config="true" signature="tearDown()[pri:0, instance:com.Airshell.testCases.TC_06_VerifyUserIsAbleToGetTheOrderIDFromOrderDetailPage@7fb4f2a9]" started-at="2024-08-06T03:05:57 IST" name="tearDown" finished-at="2024-08-06T03:05:57 IST" duration-ms="0" status="PASS">
          <reporter-output>
          </reporter-output>
        </test-method> <!-- tearDown -->
      </class> <!-- com.Airshell.testCases.TC_06_VerifyUserIsAbleToGetTheOrderIDFromOrderDetailPage -->
      <class name="com.Airshell.testCases.TC_07_VerifUserIsAbleToIncreaseQuantityOfProductFromCartPage">
        <test-method is-config="true" signature="setup()[pri:0, instance:com.Airshell.testCases.TC_07_VerifUserIsAbleToIncreaseQuantityOfProductFromCartPage@4dc27487]" started-at="2024-08-06T03:05:57 IST" name="setup" finished-at="2024-08-06T03:05:58 IST" duration-ms="1037" status="PASS">
          <reporter-output>
          </reporter-output>
        </test-method> <!-- setup -->
        <test-method signature="productcount()[pri:0, instance:com.Airshell.testCases.TC_07_VerifUserIsAbleToIncreaseQuantityOfProductFromCartPage@4dc27487]" started-at="2024-08-06T03:05:58 IST" name="productcount" finished-at="2024-08-06T03:07:26 IST" duration-ms="88604" status="PASS">
          <reporter-output>
          </reporter-output>
        </test-method> <!-- productcount -->
        <test-method is-config="true" signature="tearDown()[pri:0, instance:com.Airshell.testCases.TC_07_VerifUserIsAbleToIncreaseQuantityOfProductFromCartPage@4dc27487]" started-at="2024-08-06T03:07:26 IST" name="tearDown" finished-at="2024-08-06T03:07:26 IST" duration-ms="0" status="PASS">
          <reporter-output>
          </reporter-output>
        </test-method> <!-- tearDown -->
      </class> <!-- com.Airshell.testCases.TC_07_VerifUserIsAbleToIncreaseQuantityOfProductFromCartPage -->
      <class name="com.Airshell.testCases.TC_05_VerifyUserIsAbleToOpenOrderInfoPage">
        <test-method is-config="true" signature="setup()[pri:0, instance:com.Airshell.testCases.TC_05_VerifyUserIsAbleToOpenOrderInfoPage@1b919693]" started-at="2024-08-06T03:05:28 IST" name="setup" finished-at="2024-08-06T03:05:29 IST" duration-ms="804" status="PASS">
          <reporter-output>
          </reporter-output>
        </test-method> <!-- setup -->
        <test-method signature="orderdetails()[pri:0, instance:com.Airshell.testCases.TC_05_VerifyUserIsAbleToOpenOrderInfoPage@1b919693]" started-at="2024-08-06T03:05:29 IST" name="orderdetails" finished-at="2024-08-06T03:05:42 IST" duration-ms="13160" status="PASS">
          <reporter-output>
          </reporter-output>
        </test-method> <!-- orderdetails -->
        <test-method is-config="true" signature="tearDown()[pri:0, instance:com.Airshell.testCases.TC_05_VerifyUserIsAbleToOpenOrderInfoPage@1b919693]" started-at="2024-08-06T03:05:42 IST" name="tearDown" finished-at="2024-08-06T03:05:42 IST" duration-ms="1" status="PASS">
          <reporter-output>
          </reporter-output>
        </test-method> <!-- tearDown -->
      </class> <!-- com.Airshell.testCases.TC_05_VerifyUserIsAbleToOpenOrderInfoPage -->
    </test> <!-- class name -->
  </suite> <!-- Suite -->
</testng-results>
